<?xml version="1.0" encoding="UTF-8"?>
<!-- Generated by org.testng.reporters.JUnitReportReporter -->
<testsuite hostname="SHIVU-DELL-LAPTOP-NEW" failures="0" tests="1" name="dsalgo_stepdefinition.LoggerTest" time="0.549" errors="0" timestamp="2024-05-22T23:47:15 EDT" skipped="0">
  <testcase classname="dsalgo_stepdefinition.LoggerTest" name="tst01_TestingLog" time="0.549"/>
</testsuite> <!-- dsalgo_stepdefinition.LoggerTest -->
