<?xml version="1.0" encoding="UTF-8"?>
<!-- Generated by org.testng.reporters.JUnitReportReporter -->
<testsuite hostname="SHIVU-DELL-LAPTOP-NEW" failures="0" tests="4" name="runner.Test_Runner" time="0.341" errors="0" timestamp="2024-05-23T00:42:27 EDT" skipped="0">
  <testcase classname="runner.Test_Runner" name="runScenario" time="0.015"/>
  <testcase classname="runner.Test_Runner" name="runScenario" time="0.025"/>
  <testcase classname="runner.Test_Runner" name="runScenario" time="0.287"/>
  <testcase classname="runner.Test_Runner" name="runScenario" time="0.014"/>
</testsuite> <!-- runner.Test_Runner -->
