<?xml version="1.0" encoding="UTF-8"?>
<!-- Generated by org.testng.reporters.JUnitReportReporter -->
<testsuite hostname="SHIVU-DELL-LAPTOP-NEW" failures="0" tests="1" name="dstestcases.LoggerTest" time="0.682" errors="0" timestamp="2024-05-23T00:34:27 EDT" skipped="0">
  <testcase classname="dstestcases.LoggerTest" name="tst01_TestingLog" time="0.682"/>
</testsuite> <!-- dstestcases.LoggerTest -->
